This file contains any messages produced by compilers while
running configure, to aid debugging if configure makes a mistake.

It was created by configure, which was
generated by GNU Autoconf 2.59.  Invocation command line was

  $ ./configure 

## --------- ##
## Platform. ##
## --------- ##

hostname = pf-proliant01
uname -m = x86_64
uname -r = 2.6.18-194.3.1.el5
uname -s = Linux
uname -v = #1 SMP Thu May 13 13:08:30 EDT 2010

/usr/bin/uname -p = unknown
/bin/uname -X     = unknown

/bin/arch              = x86_64
/usr/bin/arch -k       = unknown
/usr/convex/getsysinfo = unknown
hostinfo               = unknown
/bin/machine           = unknown
/usr/bin/oslevel       = unknown
/bin/universe          = unknown

PATH: /usr/local/bin
PATH: /home/oracle/oracle/product/10.2.0/db_1/bin
PATH: /usr/kerberos/sbin
PATH: /usr/kerberos/bin
PATH: /usr/local/sbin
PATH: /usr/local/bin
PATH: /sbin
PATH: /bin
PATH: /usr/sbin
PATH: /usr/bin
PATH: /root/bin


## ----------- ##
## Core tests. ##
## ----------- ##

configure:1496: checking for egrep
configure:1506: result: grep -E
configure:1511: checking for a sed that does not truncate output
configure:1565: result: /bin/sed
configure:1695: checking for cc
configure:1711: found /usr/bin/cc
configure:1721: result: cc
configure:1742: checking for C compiler version
configure:1745: cc --version </dev/null >&5
cc (GCC) 4.1.2 20080704 (Red Hat 4.1.2-48)
Copyright (C) 2006 Free Software Foundation, Inc.
This is free software; see the source for copying conditions.  There is NO
warranty; not even for MERCHANTABILITY or FITNESS FOR A PARTICULAR PURPOSE.

configure:1748: $? = 0
configure:1750: cc -v </dev/null >&5
Using built-in specs.
Target: x86_64-redhat-linux
Configured with: ../configure --prefix=/usr --mandir=/usr/share/man --infodir=/usr/share/info --enable-shared --enable-threads=posix --enable-checking=release --with-system-zlib --enable-__cxa_atexit --disable-libunwind-exceptions --enable-libgcj-multifile --enable-languages=c,c++,objc,obj-c++,java,fortran,ada --enable-java-awt=gtk --disable-dssi --enable-plugin --with-java-home=/usr/lib/jvm/java-1.4.2-gcj-1.4.2.0/jre --with-cpu=generic --host=x86_64-redhat-linux
Thread model: posix
gcc version 4.1.2 20080704 (Red Hat 4.1.2-48)
configure:1753: $? = 0
configure:1755: cc -V </dev/null >&5
cc: '-V' option must have argument
configure:1758: $? = 1
configure:1781: checking for C compiler default output file name
configure:1784: cc    conftest.c  >&5
configure:1787: $? = 0
configure:1833: result: a.out
configure:1838: checking whether the C compiler works
configure:1844: ./a.out
configure:1847: $? = 0
configure:1864: result: yes
configure:1871: checking whether we are cross compiling
configure:1873: result: no
configure:1876: checking for suffix of executables
configure:1878: cc -o conftest    conftest.c  >&5
configure:1881: $? = 0
configure:1906: result: 
configure:1912: checking for suffix of object files
configure:1933: cc -c   conftest.c >&5
configure:1936: $? = 0
configure:1958: result: o
configure:1962: checking whether we are using the GNU C compiler
configure:1986: cc -c   conftest.c >&5
configure:1992: $? = 0
configure:1996: test -z 
			 || test ! -s conftest.err
configure:1999: $? = 0
configure:2002: test -s conftest.o
configure:2005: $? = 0
configure:2018: result: yes
configure:2024: checking whether cc accepts -g
configure:2045: cc -c -g  conftest.c >&5
configure:2051: $? = 0
configure:2055: test -z 
			 || test ! -s conftest.err
configure:2058: $? = 0
configure:2061: test -s conftest.o
configure:2064: $? = 0
configure:2075: result: yes
configure:2092: checking for cc option to accept ANSI C
configure:2162: cc  -c -g -O2  conftest.c >&5
configure:2168: $? = 0
configure:2172: test -z 
			 || test ! -s conftest.err
configure:2175: $? = 0
configure:2178: test -s conftest.o
configure:2181: $? = 0
configure:2199: result: none needed
configure:2217: cc -c -g -O2  conftest.c >&5
conftest.c:2: error: expected '=', ',', ';', 'asm' or '__attribute__' before 'me'
configure:2223: $? = 1
configure: failed program was:
| #ifndef __cplusplus
|   choke me
| #endif
configure:2362: checking how to run the C preprocessor
configure:2397: cc -E  conftest.c
configure:2403: $? = 0
configure:2435: cc -E  conftest.c
conftest.c:9:28: error: ac_nonexistent.h: No such file or directory
configure:2441: $? = 1
configure: failed program was:
| /* confdefs.h.  */
| 
| #define PACKAGE_NAME ""
| #define PACKAGE_TARNAME ""
| #define PACKAGE_VERSION ""
| #define PACKAGE_STRING ""
| #define PACKAGE_BUGREPORT ""
| /* end confdefs.h.  */
| #include <ac_nonexistent.h>
configure:2480: result: cc -E
configure:2504: cc -E  conftest.c
configure:2510: $? = 0
configure:2542: cc -E  conftest.c
conftest.c:9:28: error: ac_nonexistent.h: No such file or directory
configure:2548: $? = 1
configure: failed program was:
| /* confdefs.h.  */
| 
| #define PACKAGE_NAME ""
| #define PACKAGE_TARNAME ""
| #define PACKAGE_VERSION ""
| #define PACKAGE_STRING ""
| #define PACKAGE_BUGREPORT ""
| /* end confdefs.h.  */
| #include <ac_nonexistent.h>
configure:2594: checking for icc
configure:2607: result: no
configure:2621: checking for suncc
configure:2634: result: no
configure:2652: checking whether cc understands -c and -o together
configure:2679: cc -c conftest.c -o conftest.o >&5
configure:2682: $? = 0
configure:2684: cc -c conftest.c -o conftest.o >&5
configure:2687: $? = 0
configure:2726: result: yes
configure:2742: checking for system library directory
configure:2760: result: lib
configure:2767: checking if compiler supports -R
configure:2791: cc -o conftest -g -O2   conftest.c -R /usr/lib  >&5
cc: unrecognized option '-R'
/usr/lib: file not recognized: Is a directory
collect2: ld returned 1 exit status
configure:2797: $? = 1
configure: failed program was:
| /* confdefs.h.  */
| 
| #define PACKAGE_NAME ""
| #define PACKAGE_TARNAME ""
| #define PACKAGE_VERSION ""
| #define PACKAGE_STRING ""
| #define PACKAGE_BUGREPORT ""
| /* end confdefs.h.  */
| 
| int
| main ()
| {
| 
|   ;
|   return 0;
| }
configure:2824: result: no
configure:2829: checking if compiler supports -Wl,-rpath,
configure:2853: cc -o conftest -g -O2   conftest.c -Wl,-rpath,/usr/lib  >&5
configure:2859: $? = 0
configure:2863: test -z 
			 || test ! -s conftest.err
configure:2866: $? = 0
configure:2869: test -s conftest
configure:2872: $? = 0
configure:2886: result: yes
configure:2929: checking build system type
configure:2947: result: x86_64-unknown-linux-gnu
configure:2955: checking host system type
configure:2969: result: x86_64-unknown-linux-gnu
configure:2977: checking target system type
configure:2991: result: x86_64-unknown-linux-gnu
configure:3089: checking for PHP prefix
configure:3091: result: /usr/local
configure:3093: checking for PHP includes
configure:3095: result: -I/usr/local/include/php -I/usr/local/include/php/main -I/usr/local/include/php/TSRM -I/usr/local/include/php/Zend -I/usr/local/include/php/ext -I/usr/local/include/php/ext/date/lib
configure:3097: checking for PHP extension directory
configure:3099: result: /usr/local/lib/php/extensions/no-debug-non-zts-20090626
configure:3101: checking for PHP installed headers prefix
configure:3103: result: /usr/local/include/php
configure:3106: checking if debug is enabled
configure:3136: result: no
configure:3139: checking if zts is enabled
configure:3169: result: no
configure:3243: checking for re2c
configure:3272: result: no
configure:3296: WARNING: You will need re2c 0.13.4 or later if you want to regenerate PHP parsers.
configure:3310: checking for gawk
configure:3327: found /bin/gawk
configure:3337: result: gawk
configure:3384: checking whether to enable the thrift_protocol extension
configure:3426: result: yes, shared
configure:3487: checking for g++
configure:3503: found /usr/bin/g++
configure:3513: result: g++
configure:3529: checking for C++ compiler version
configure:3532: g++ --version </dev/null >&5
g++ (GCC) 4.1.2 20080704 (Red Hat 4.1.2-48)
Copyright (C) 2006 Free Software Foundation, Inc.
This is free software; see the source for copying conditions.  There is NO
warranty; not even for MERCHANTABILITY or FITNESS FOR A PARTICULAR PURPOSE.

configure:3535: $? = 0
configure:3537: g++ -v </dev/null >&5
Using built-in specs.
Target: x86_64-redhat-linux
Configured with: ../configure --prefix=/usr --mandir=/usr/share/man --infodir=/usr/share/info --enable-shared --enable-threads=posix --enable-checking=release --with-system-zlib --enable-__cxa_atexit --disable-libunwind-exceptions --enable-libgcj-multifile --enable-languages=c,c++,objc,obj-c++,java,fortran,ada --enable-java-awt=gtk --disable-dssi --enable-plugin --with-java-home=/usr/lib/jvm/java-1.4.2-gcj-1.4.2.0/jre --with-cpu=generic --host=x86_64-redhat-linux
Thread model: posix
gcc version 4.1.2 20080704 (Red Hat 4.1.2-48)
configure:3540: $? = 0
configure:3542: g++ -V </dev/null >&5
g++: '-V' option must have argument
configure:3545: $? = 1
configure:3548: checking whether we are using the GNU C++ compiler
configure:3572: g++ -c   conftest.cc >&5
configure:3578: $? = 0
configure:3582: test -z 
			 || test ! -s conftest.err
configure:3585: $? = 0
configure:3588: test -s conftest.o
configure:3591: $? = 0
configure:3604: result: yes
configure:3610: checking whether g++ accepts -g
configure:3631: g++ -c -g  conftest.cc >&5
configure:3637: $? = 0
configure:3641: test -z 
			 || test ! -s conftest.err
configure:3644: $? = 0
configure:3647: test -s conftest.o
configure:3650: $? = 0
configure:3661: result: yes
configure:3703: g++ -c -g -O2  conftest.cc >&5
configure:3709: $? = 0
configure:3713: test -z 
			 || test ! -s conftest.err
configure:3716: $? = 0
configure:3719: test -s conftest.o
configure:3722: $? = 0
configure:3748: g++ -c -g -O2  conftest.cc >&5
conftest.cc: In function 'int main()':
conftest.cc:13: error: 'exit' was not declared in this scope
configure:3754: $? = 1
configure: failed program was:
| /* confdefs.h.  */
| 
| #define PACKAGE_NAME ""
| #define PACKAGE_TARNAME ""
| #define PACKAGE_VERSION ""
| #define PACKAGE_STRING ""
| #define PACKAGE_BUGREPORT ""
| /* end confdefs.h.  */
| 
| int
| main ()
| {
| exit (42);
|   ;
|   return 0;
| }
configure:3703: g++ -c -g -O2  conftest.cc >&5
configure:3709: $? = 0
configure:3713: test -z 
			 || test ! -s conftest.err
configure:3716: $? = 0
configure:3719: test -s conftest.o
configure:3722: $? = 0
configure:3748: g++ -c -g -O2  conftest.cc >&5
configure:3754: $? = 0
configure:3758: test -z 
			 || test ! -s conftest.err
configure:3761: $? = 0
configure:3764: test -s conftest.o
configure:3767: $? = 0
configure:3795: checking how to run the C++ preprocessor
configure:3826: g++ -E  conftest.cc
configure:3832: $? = 0
configure:3864: g++ -E  conftest.cc
conftest.cc:12:28: error: ac_nonexistent.h: No such file or directory
configure:3870: $? = 1
configure: failed program was:
| /* confdefs.h.  */
| 
| #define PACKAGE_NAME ""
| #define PACKAGE_TARNAME ""
| #define PACKAGE_VERSION ""
| #define PACKAGE_STRING ""
| #define PACKAGE_BUGREPORT ""
| #ifdef __cplusplus
| extern "C" void std::exit (int) throw (); using std::exit;
| #endif
| /* end confdefs.h.  */
| #include <ac_nonexistent.h>
configure:3909: result: g++ -E
configure:3933: g++ -E  conftest.cc
configure:3939: $? = 0
configure:3971: g++ -E  conftest.cc
conftest.cc:12:28: error: ac_nonexistent.h: No such file or directory
configure:3977: $? = 1
configure: failed program was:
| /* confdefs.h.  */
| 
| #define PACKAGE_NAME ""
| #define PACKAGE_TARNAME ""
| #define PACKAGE_VERSION ""
| #define PACKAGE_STRING ""
| #define PACKAGE_BUGREPORT ""
| #ifdef __cplusplus
| extern "C" void std::exit (int) throw (); using std::exit;
| #endif
| /* end confdefs.h.  */
| #include <ac_nonexistent.h>
configure:4507: checking for ld used by cc
configure:4574: result: /usr/bin/ld
configure:4583: checking if the linker (/usr/bin/ld) is GNU ld
configure:4598: result: yes
configure:4603: checking for /usr/bin/ld option to reload object files
configure:4610: result: -r
configure:4628: checking for BSD-compatible nm
configure:4677: result: /usr/bin/nm -B
configure:4681: checking whether ln -s works
configure:4685: result: yes
configure:4692: checking how to recognize dependent libraries
configure:4878: result: pass_all
configure:4963: cc -c -g -O2  conftest.c >&5
configure:4966: $? = 0
configure:5119: checking for ANSI C header files
configure:5144: cc -c -g -O2  conftest.c >&5
configure:5150: $? = 0
configure:5154: test -z 
			 || test ! -s conftest.err
configure:5157: $? = 0
configure:5160: test -s conftest.o
configure:5163: $? = 0
configure:5252: cc -o conftest -g -O2   conftest.c  >&5
conftest.c: In function 'main':
conftest.c:30: warning: incompatible implicit declaration of built-in function 'exit'
configure:5255: $? = 0
configure:5257: ./conftest
configure:5260: $? = 0
configure:5275: result: yes
configure:5299: checking for sys/types.h
configure:5315: cc -c -g -O2  conftest.c >&5
configure:5321: $? = 0
configure:5325: test -z 
			 || test ! -s conftest.err
configure:5328: $? = 0
configure:5331: test -s conftest.o
configure:5334: $? = 0
configure:5345: result: yes
configure:5299: checking for sys/stat.h
configure:5315: cc -c -g -O2  conftest.c >&5
configure:5321: $? = 0
configure:5325: test -z 
			 || test ! -s conftest.err
configure:5328: $? = 0
configure:5331: test -s conftest.o
configure:5334: $? = 0
configure:5345: result: yes
configure:5299: checking for stdlib.h
configure:5315: cc -c -g -O2  conftest.c >&5
configure:5321: $? = 0
configure:5325: test -z 
			 || test ! -s conftest.err
configure:5328: $? = 0
configure:5331: test -s conftest.o
configure:5334: $? = 0
configure:5345: result: yes
configure:5299: checking for string.h
configure:5315: cc -c -g -O2  conftest.c >&5
configure:5321: $? = 0
configure:5325: test -z 
			 || test ! -s conftest.err
configure:5328: $? = 0
configure:5331: test -s conftest.o
configure:5334: $? = 0
configure:5345: result: yes
configure:5299: checking for memory.h
configure:5315: cc -c -g -O2  conftest.c >&5
configure:5321: $? = 0
configure:5325: test -z 
			 || test ! -s conftest.err
configure:5328: $? = 0
configure:5331: test -s conftest.o
configure:5334: $? = 0
configure:5345: result: yes
configure:5299: checking for strings.h
configure:5315: cc -c -g -O2  conftest.c >&5
configure:5321: $? = 0
configure:5325: test -z 
			 || test ! -s conftest.err
configure:5328: $? = 0
configure:5331: test -s conftest.o
configure:5334: $? = 0
configure:5345: result: yes
configure:5299: checking for inttypes.h
configure:5315: cc -c -g -O2  conftest.c >&5
configure:5321: $? = 0
configure:5325: test -z 
			 || test ! -s conftest.err
configure:5328: $? = 0
configure:5331: test -s conftest.o
configure:5334: $? = 0
configure:5345: result: yes
configure:5299: checking for stdint.h
configure:5315: cc -c -g -O2  conftest.c >&5
configure:5321: $? = 0
configure:5325: test -z 
			 || test ! -s conftest.err
configure:5328: $? = 0
configure:5331: test -s conftest.o
configure:5334: $? = 0
configure:5345: result: yes
configure:5299: checking for unistd.h
configure:5315: cc -c -g -O2  conftest.c >&5
configure:5321: $? = 0
configure:5325: test -z 
			 || test ! -s conftest.err
configure:5328: $? = 0
configure:5331: test -s conftest.o
configure:5334: $? = 0
configure:5345: result: yes
configure:5371: checking dlfcn.h usability
configure:5383: cc -c -g -O2  conftest.c >&5
configure:5389: $? = 0
configure:5393: test -z 
			 || test ! -s conftest.err
configure:5396: $? = 0
configure:5399: test -s conftest.o
configure:5402: $? = 0
configure:5412: result: yes
configure:5416: checking dlfcn.h presence
configure:5426: cc -E  conftest.c
configure:5432: $? = 0
configure:5452: result: yes
configure:5487: checking for dlfcn.h
configure:5494: result: yes
configure:5517: checking how to run the C++ preprocessor
configure:5631: result: g++ -E
configure:5655: g++ -E  conftest.cc
configure:5661: $? = 0
configure:5693: g++ -E  conftest.cc
conftest.cc:24:28: error: ac_nonexistent.h: No such file or directory
configure:5699: $? = 1
configure: failed program was:
| /* confdefs.h.  */
| 
| #define PACKAGE_NAME ""
| #define PACKAGE_TARNAME ""
| #define PACKAGE_VERSION ""
| #define PACKAGE_STRING ""
| #define PACKAGE_BUGREPORT ""
| #ifdef __cplusplus
| extern "C" void std::exit (int) throw (); using std::exit;
| #endif
| #define COMPILE_DL_THRIFT_PROTOCOL 1
| #define STDC_HEADERS 1
| #define HAVE_SYS_TYPES_H 1
| #define HAVE_SYS_STAT_H 1
| #define HAVE_STDLIB_H 1
| #define HAVE_STRING_H 1
| #define HAVE_MEMORY_H 1
| #define HAVE_STRINGS_H 1
| #define HAVE_INTTYPES_H 1
| #define HAVE_STDINT_H 1
| #define HAVE_UNISTD_H 1
| #define HAVE_DLFCN_H 1
| /* end confdefs.h.  */
| #include <ac_nonexistent.h>
configure:5747: checking the maximum length of command line arguments
configure:5859: result: 98304
configure:5871: checking command to parse /usr/bin/nm -B output from cc object
configure:5976: g++ -c -g -O2  conftest.cc >&5
configure:5979: $? = 0
configure:5983: /usr/bin/nm -B conftest.o \| sed -n -e 's/^.*[ 	]\([ABCDGIRSTW][ABCDGIRSTW]*\)[ 	][ 	]*\([_A-Za-z][_A-Za-z0-9]*\)$/\1 \2 \2/p' \> conftest.nm
configure:5986: $? = 0
configure:6038: g++ -o conftest -g -O2   conftest.cc conftstm.o >&5
configure:6041: $? = 0
configure:6079: result: ok
configure:6083: checking for objdir
configure:6098: result: .libs
configure:6188: checking for ar
configure:6204: found /usr/bin/ar
configure:6215: result: ar
configure:6268: checking for ranlib
configure:6284: found /usr/bin/ranlib
configure:6295: result: ranlib
configure:6348: checking for strip
configure:6364: found /usr/bin/strip
configure:6375: result: strip
configure:6911: checking if cc supports -fno-rtti -fno-exceptions
configure:6929: cc -c -g -O2  -fno-rtti -fno-exceptions conftest.c >&5
cc1: warning: command line option "-fno-rtti" is valid for C++/ObjC++ but not for C
configure:6933: $? = 0
configure:6946: result: no
configure:6961: checking for cc option to produce PIC
configure:7201: result: -fPIC
configure:7209: checking if cc PIC flag -fPIC works
configure:7227: cc -c -g -O2  -fPIC -DPIC conftest.c >&5
configure:7231: $? = 0
configure:7244: result: yes
configure:7272: checking if cc static flag -static works
configure:7300: result: yes
configure:7310: checking if cc supports -c -o file.o
configure:7331: cc -c -g -O2  -o out/conftest2.o conftest.c >&5
configure:7335: $? = 0
configure:7357: result: yes
configure:7383: checking whether the cc linker (/usr/bin/ld -m elf_x86_64) supports shared libraries
configure:8315: result: yes
configure:8336: checking whether -lc should be explicitly linked in
configure:8341: cc -c -g -O2  conftest.c >&5
configure:8344: $? = 0
configure:8359: cc -shared conftest.o  -v -Wl,-soname -Wl,conftest -o conftest 2\>\&1 \| grep  -lc  \>/dev/null 2\>\&1
configure:8362: $? = 0
configure:8374: result: no
configure:8382: checking dynamic linker characteristics
configure:8984: result: GNU/Linux ld.so
configure:9008: checking how to hardcode library paths into programs
configure:9033: result: immediate
configure:9047: checking whether stripping libraries is possible
configure:9052: result: yes
configure:9887: checking if libtool supports shared libraries
configure:9889: result: yes
configure:9892: checking whether to build shared libraries
configure:9913: result: yes
configure:9916: checking whether to build static libraries
configure:9920: result: no
configure:10015: result:
creating libtool
configure:10611: checking for ld used by g++
configure:10678: result: /usr/bin/ld -m elf_x86_64
configure:10687: checking if the linker (/usr/bin/ld -m elf_x86_64) is GNU ld
configure:10702: result: yes
configure:10753: checking whether the g++ linker (/usr/bin/ld -m elf_x86_64) supports shared libraries
configure:11651: result: yes
configure:11672: g++ -c -g -O2  conftest.cpp >&5
configure:11675: $? = 0
configure:11831: checking for g++ option to produce PIC
configure:12121: result: -fPIC
configure:12129: checking if g++ PIC flag -fPIC works
configure:12147: g++ -c -g -O2  -fPIC -DPIC conftest.cpp >&5
configure:12151: $? = 0
configure:12164: result: yes
configure:12192: checking if g++ static flag -static works
configure:12220: result: yes
configure:12230: checking if g++ supports -c -o file.o
configure:12251: g++ -c -g -O2  -o out/conftest2.o conftest.cpp >&5
configure:12255: $? = 0
configure:12277: result: yes
configure:12303: checking whether the g++ linker (/usr/bin/ld -m elf_x86_64) supports shared libraries
configure:12329: result: yes
configure:12396: checking dynamic linker characteristics
configure:12946: result: GNU/Linux ld.so
configure:12970: checking how to hardcode library paths into programs
configure:12995: result: immediate
configure:13710: creating ./config.status

## ---------------------- ##
## Running config.status. ##
## ---------------------- ##

This file was extended by config.status, which was
generated by GNU Autoconf 2.59.  Invocation command line was

  CONFIG_FILES    = 
  CONFIG_HEADERS  = 
  CONFIG_LINKS    = 
  CONFIG_COMMANDS = 
  $ ./config.status 

on pf-proliant01

config.status:454: creating config.h

## ---------------- ##
## Cache variables. ##
## ---------------- ##

ac_cv_build=x86_64-unknown-linux-gnu
ac_cv_build_alias=x86_64-unknown-linux-gnu
ac_cv_c_compiler_gnu=yes
ac_cv_cxx_compiler_gnu=yes
ac_cv_env_CC_set=
ac_cv_env_CC_value=
ac_cv_env_CFLAGS_set=
ac_cv_env_CFLAGS_value=
ac_cv_env_CPPFLAGS_set=
ac_cv_env_CPPFLAGS_value=
ac_cv_env_CPP_set=
ac_cv_env_CPP_value=
ac_cv_env_CXXCPP_set=
ac_cv_env_CXXCPP_value=
ac_cv_env_CXXFLAGS_set=
ac_cv_env_CXXFLAGS_value=
ac_cv_env_CXX_set=
ac_cv_env_CXX_value=
ac_cv_env_LDFLAGS_set=
ac_cv_env_LDFLAGS_value=
ac_cv_env_build_alias_set=
ac_cv_env_build_alias_value=
ac_cv_env_host_alias_set=
ac_cv_env_host_alias_value=
ac_cv_env_target_alias_set=
ac_cv_env_target_alias_value=
ac_cv_exeext=
ac_cv_header_dlfcn_h=yes
ac_cv_header_inttypes_h=yes
ac_cv_header_memory_h=yes
ac_cv_header_stdc=yes
ac_cv_header_stdint_h=yes
ac_cv_header_stdlib_h=yes
ac_cv_header_string_h=yes
ac_cv_header_strings_h=yes
ac_cv_header_sys_stat_h=yes
ac_cv_header_sys_types_h=yes
ac_cv_header_unistd_h=yes
ac_cv_host=x86_64-unknown-linux-gnu
ac_cv_host_alias=x86_64-unknown-linux-gnu
ac_cv_objext=o
ac_cv_prog_AWK=gawk
ac_cv_prog_CPP='cc -E'
ac_cv_prog_CXXCPP='g++ -E'
ac_cv_prog_ac_ct_AR=ar
ac_cv_prog_ac_ct_CC=cc
ac_cv_prog_ac_ct_CXX=g++
ac_cv_prog_ac_ct_RANLIB=ranlib
ac_cv_prog_ac_ct_STRIP=strip
ac_cv_prog_cc_cc_c_o=yes
ac_cv_prog_cc_g=yes
ac_cv_prog_cc_stdc=
ac_cv_prog_cxx_g=yes
ac_cv_prog_egrep='grep -E'
ac_cv_target=x86_64-unknown-linux-gnu
ac_cv_target_alias=x86_64-unknown-linux-gnu
lt_cv_deplibs_check_method=pass_all
lt_cv_file_magic_cmd='$MAGIC_CMD'
lt_cv_file_magic_test_file=
lt_cv_ld_reload_flag=-r
lt_cv_objdir=.libs
lt_cv_path_LD=/usr/bin/ld
lt_cv_path_LDCXX='/usr/bin/ld -m elf_x86_64'
lt_cv_path_NM='/usr/bin/nm -B'
lt_cv_path_SED=/bin/sed
lt_cv_prog_compiler_c_o=yes
lt_cv_prog_compiler_c_o_CXX=yes
lt_cv_prog_compiler_pic_works=yes
lt_cv_prog_compiler_pic_works_CXX=yes
lt_cv_prog_compiler_rtti_exceptions=no
lt_cv_prog_compiler_static_works=yes
lt_cv_prog_compiler_static_works_CXX=yes
lt_cv_prog_gnu_ld=yes
lt_cv_prog_gnu_ldcxx=yes
lt_cv_sys_global_symbol_pipe='sed -n -e '\''s/^.*[ 	]\([ABCDGIRSTW][ABCDGIRSTW]*\)[ 	][ 	]*\([_A-Za-z][_A-Za-z0-9]*\)$/\1 \2 \2/p'\'''
lt_cv_sys_global_symbol_to_c_name_address='sed -n -e '\''s/^: \([^ ]*\) $/  {\"\1\", (lt_ptr) 0},/p'\'' -e '\''s/^[BCDEGRST] \([^ ]*\) \([^ ]*\)$/  {"\2", (lt_ptr) \&\2},/p'\'''
lt_cv_sys_global_symbol_to_cdecl='sed -n -e '\''s/^. .* \(.*\)$/extern int \1;/p'\'''
lt_cv_sys_lib_dlsearch_path_spec='/lib /usr/lib /usr/lib64/qt-3.3/lib /usr/local/lib '
lt_cv_sys_lib_search_path_spec='/usr/lib/gcc/x86_64-redhat-linux/4.1.2 /usr/lib64 /lib64'
lt_cv_sys_max_cmd_len=98304
lt_lt_cv_prog_compiler_c_o='"yes"'
lt_lt_cv_prog_compiler_c_o_CXX='"yes"'
lt_lt_cv_sys_global_symbol_pipe='"sed -n -e '\''s/^.*[ 	]\\([ABCDGIRSTW][ABCDGIRSTW]*\\)[ 	][ 	]*\\([_A-Za-z][_A-Za-z0-9]*\\)\$/\\1 \\2 \\2/p'\''"'
lt_lt_cv_sys_global_symbol_to_c_name_address='"sed -n -e '\''s/^: \\([^ ]*\\) \$/  {\\\"\\1\\\", (lt_ptr) 0},/p'\'' -e '\''s/^[BCDEGRST] \\([^ ]*\\) \\([^ ]*\\)\$/  {\"\\2\", (lt_ptr) \\&\\2},/p'\''"'
lt_lt_cv_sys_global_symbol_to_cdecl='"sed -n -e '\''s/^. .* \\(.*\\)\$/extern int \\1;/p'\''"'
php_cv_cc_dashr=no
php_cv_cc_rpath=yes

## ----------------- ##
## Output variables. ##
## ----------------- ##

AR='ar'
AWK='gawk'
CC='cc'
CFLAGS='-g -O2'
CONFIGURE_COMMAND=' './configure' '
CONFIGURE_OPTIONS=''
CPP='cc -E'
CPPFLAGS=' -DHAVE_CONFIG_H'
CXX='g++'
CXXCPP='g++ -E'
CXXFLAGS='-g -O2'
DEFS='-DHAVE_CONFIG_H'
DSYMUTIL=''
ECHO='echo'
ECHO_C=''
ECHO_N='-n'
ECHO_T=''
EGREP='grep -E'
EXEEXT=''
LDFLAGS=''
LIBOBJS=''
LIBS=''
LIBTOOL='$(SHELL) $(top_builddir)/libtool'
LN_S='ln -s'
LTLIBOBJS=''
NMEDIT=''
OBJEXT='o'
PACKAGE_BUGREPORT=''
PACKAGE_NAME=''
PACKAGE_STRING=''
PACKAGE_TARNAME=''
PACKAGE_VERSION=''
PATH_SEPARATOR=':'
RANLIB='ranlib'
RE2C='exit 0;'
SED='/bin/sed'
SHELL='/bin/sh'
SHLIB_DL_SUFFIX_NAME='so'
SHLIB_SUFFIX_NAME='so'
STRIP='strip'
ac_ct_AR='ar'
ac_ct_CC='cc'
ac_ct_CXX='g++'
ac_ct_DSYMUTIL=''
ac_ct_NMEDIT=''
ac_ct_RANLIB='ranlib'
ac_ct_STRIP='strip'
bindir='${exec_prefix}/bin'
build='x86_64-unknown-linux-gnu'
build_alias=''
build_cpu='x86_64'
build_os='linux-gnu'
build_vendor='unknown'
datadir='${prefix}/share'
exec_prefix='$(prefix)'
host='x86_64-unknown-linux-gnu'
host_alias='x86_64-unknown-linux-gnu'
host_cpu='x86_64'
host_os='linux-gnu'
host_vendor='unknown'
includedir='${prefix}/include'
infodir='${prefix}/info'
libdir='${exec_prefix}/lib'
libexecdir='${exec_prefix}/libexec'
localstatedir='${prefix}/var'
mandir='${prefix}/man'
oldincludedir='/usr/include'
prefix='/usr/local'
program_transform_name='s,x,x,'
sbindir='${exec_prefix}/sbin'
sharedstatedir='${prefix}/com'
sysconfdir='${prefix}/etc'
target='x86_64-unknown-linux-gnu'
target_alias=''
target_cpu='x86_64'
target_os='linux-gnu'
target_vendor='unknown'

## ----------- ##
## confdefs.h. ##
## ----------- ##

#define COMPILE_DL_THRIFT_PROTOCOL 1
#define HAVE_DLFCN_H 1
#define HAVE_INTTYPES_H 1
#define HAVE_MEMORY_H 1
#define HAVE_STDINT_H 1
#define HAVE_STDLIB_H 1
#define HAVE_STRINGS_H 1
#define HAVE_STRING_H 1
#define HAVE_SYS_STAT_H 1
#define HAVE_SYS_TYPES_H 1
#define HAVE_UNISTD_H 1
#define PACKAGE_BUGREPORT ""
#define PACKAGE_NAME ""
#define PACKAGE_STRING ""
#define PACKAGE_TARNAME ""
#define PACKAGE_VERSION ""
#define STDC_HEADERS 1
#endif
#ifdef __cplusplus
extern "C" void std::exit (int) throw (); using std::exit;

configure: exit 0
